{"level":"info","message":"游 Server is running on port 3000","service":"api-service","timestamp":"2025-11-09 02:45:20"}
{"level":"info","message":"游깴 Environment: development","service":"api-service","timestamp":"2025-11-09 02:45:20"}
{"level":"info","message":"游니 API available at http://localhost:3000/api","service":"api-service","timestamp":"2025-11-09 02:45:20"}
{"level":"info","message":"游 Server is running on port 3000","service":"api-service","timestamp":"2025-11-09 02:45:30"}
{"level":"info","message":"游깴 Environment: development","service":"api-service","timestamp":"2025-11-09 02:45:30"}
{"level":"info","message":"游니 API available at http://localhost:3000/api","service":"api-service","timestamp":"2025-11-09 02:45:30"}
{"level":"info","message":"游 Server is running on port 3000","service":"api-service","timestamp":"2025-11-09 02:45:33"}
{"level":"info","message":"游깴 Environment: development","service":"api-service","timestamp":"2025-11-09 02:45:33"}
{"level":"info","message":"游니 API available at http://localhost:3000/api","service":"api-service","timestamp":"2025-11-09 02:45:33"}
{"level":"info","message":"游 Server is running on port 3000","service":"api-service","timestamp":"2025-11-09 02:45:52"}
{"level":"info","message":"游깴 Environment: development","service":"api-service","timestamp":"2025-11-09 02:45:52"}
{"level":"info","message":"游니 API available at http://localhost:3000/api","service":"api-service","timestamp":"2025-11-09 02:45:52"}
{"level":"info","message":"游 Server is running on port 3000","service":"api-service","timestamp":"2025-11-09 02:46:39"}
{"level":"info","message":"游깴 Environment: development","service":"api-service","timestamp":"2025-11-09 02:46:39"}
{"level":"info","message":"游니 API available at http://localhost:3000/api","service":"api-service","timestamp":"2025-11-09 02:46:39"}
{"level":"info","message":"游 Server is running on port 3000","service":"api-service","timestamp":"2025-11-09 02:47:26"}
{"level":"info","message":"游깴 Environment: development","service":"api-service","timestamp":"2025-11-09 02:47:26"}
{"level":"info","message":"游니 API available at http://localhost:3000/api","service":"api-service","timestamp":"2025-11-09 02:47:26"}
{"level":"info","message":"游 Server is running on port 3000","service":"api-service","timestamp":"2025-11-09 02:47:33"}
{"level":"info","message":"游깴 Environment: development","service":"api-service","timestamp":"2025-11-09 02:47:33"}
{"level":"info","message":"游니 API available at http://localhost:3000/api","service":"api-service","timestamp":"2025-11-09 02:47:33"}
{"level":"info","message":"游 Server is running on port 3000","service":"api-service","timestamp":"2025-11-09 02:47:46"}
{"level":"info","message":"游깴 Environment: development","service":"api-service","timestamp":"2025-11-09 02:47:46"}
{"level":"info","message":"游니 API available at http://localhost:3000/api","service":"api-service","timestamp":"2025-11-09 02:47:46"}
{"level":"info","message":"游 Server is running on port 3000","service":"api-service","timestamp":"2025-11-09 02:47:53"}
{"level":"info","message":"游깴 Environment: development","service":"api-service","timestamp":"2025-11-09 02:47:53"}
{"level":"info","message":"游니 API available at http://localhost:3000/api","service":"api-service","timestamp":"2025-11-09 02:47:53"}
{"level":"info","message":"游 Server is running on port 3000","service":"api-service","timestamp":"2025-11-09 02:48:06"}
{"level":"info","message":"游깴 Environment: development","service":"api-service","timestamp":"2025-11-09 02:48:06"}
{"level":"info","message":"游니 API available at http://localhost:3000/api","service":"api-service","timestamp":"2025-11-09 02:48:06"}
{"level":"info","message":"游 Server is running on port 3000","service":"api-service","timestamp":"2025-11-09 02:48:13"}
{"level":"info","message":"游깴 Environment: development","service":"api-service","timestamp":"2025-11-09 02:48:13"}
{"level":"info","message":"游니 API available at http://localhost:3000/api","service":"api-service","timestamp":"2025-11-09 02:48:13"}
{"level":"info","message":"游 Server is running on port 3000","service":"api-service","timestamp":"2025-11-09 02:48:25"}
{"level":"info","message":"游깴 Environment: development","service":"api-service","timestamp":"2025-11-09 02:48:25"}
{"level":"info","message":"游니 API available at http://localhost:3000/api","service":"api-service","timestamp":"2025-11-09 02:48:25"}
{"level":"info","message":"游 Server is running on port 3000","service":"api-service","timestamp":"2025-11-09 02:48:29"}
{"level":"info","message":"游깴 Environment: development","service":"api-service","timestamp":"2025-11-09 02:48:29"}
{"level":"info","message":"游니 API available at http://localhost:3000/api","service":"api-service","timestamp":"2025-11-09 02:48:29"}
{"level":"info","message":"游 Server is running on port 3000","service":"api-service","timestamp":"2025-11-09 02:48:37"}
{"level":"info","message":"游깴 Environment: development","service":"api-service","timestamp":"2025-11-09 02:48:37"}
{"level":"info","message":"游니 API available at http://localhost:3000/api","service":"api-service","timestamp":"2025-11-09 02:48:37"}
{"level":"info","message":"游 Server is running on port 3000","service":"api-service","timestamp":"2025-11-09 02:48:41"}
{"level":"info","message":"游깴 Environment: development","service":"api-service","timestamp":"2025-11-09 02:48:41"}
{"level":"info","message":"游니 API available at http://localhost:3000/api","service":"api-service","timestamp":"2025-11-09 02:48:41"}
{"level":"info","message":"游 Server is running on port 3000","service":"api-service","timestamp":"2025-11-09 02:48:52"}
{"level":"info","message":"游깴 Environment: development","service":"api-service","timestamp":"2025-11-09 02:48:52"}
{"level":"info","message":"游니 API available at http://localhost:3000/api","service":"api-service","timestamp":"2025-11-09 02:48:52"}
{"level":"info","message":"游 Server is running on port 3000","service":"api-service","timestamp":"2025-11-09 02:49:00"}
{"level":"info","message":"游깴 Environment: development","service":"api-service","timestamp":"2025-11-09 02:49:00"}
{"level":"info","message":"游니 API available at http://localhost:3000/api","service":"api-service","timestamp":"2025-11-09 02:49:00"}
{"level":"info","message":"游 Server is running on port 3000","service":"api-service","timestamp":"2025-11-09 02:51:12"}
{"level":"info","message":"游깴 Environment: development","service":"api-service","timestamp":"2025-11-09 02:51:12"}
{"level":"info","message":"游니 API available at http://localhost:3000/api","service":"api-service","timestamp":"2025-11-09 02:51:12"}
{"level":"info","message":"游 Server is running on port 3000","service":"api-service","timestamp":"2025-11-09 13:31:21"}
{"level":"info","message":"游깴 Environment: development","service":"api-service","timestamp":"2025-11-09 13:31:21"}
{"level":"info","message":"游니 API available at http://localhost:3000/api","service":"api-service","timestamp":"2025-11-09 13:31:21"}
{"level":"info","message":"POST /api/v1/auth/login 200 233.223 ms - 811","service":"api-service","timestamp":"2025-11-09 13:31:27"}
{"level":"info","message":"GET /api/v1/assets?page=1&limit=50 200 5.146 ms - 397","service":"api-service","timestamp":"2025-11-09 13:31:27"}
{"level":"info","message":"GET /api/v1/assets?page=1&limit=50 200 1.759 ms - 397","service":"api-service","timestamp":"2025-11-09 13:31:27"}
{"level":"info","message":"GET /api/v1/liabilities?page=1&limit=50 200 5.293 ms - 461","service":"api-service","timestamp":"2025-11-09 13:31:27"}
{"level":"info","message":"GET /api/v1/liabilities?page=1&limit=50 200 1.464 ms - 461","service":"api-service","timestamp":"2025-11-09 13:31:27"}
{"level":"info","message":"GET /api/v1/assets?page=1&limit=50 200 4.660 ms - 397","service":"api-service","timestamp":"2025-11-09 13:31:51"}
{"level":"info","message":"GET /api/v1/assets?page=1&limit=50 200 1.892 ms - 397","service":"api-service","timestamp":"2025-11-09 13:31:51"}
{"level":"info","message":"GET /api/v1/liabilities?page=1&limit=50 200 3.708 ms - 461","service":"api-service","timestamp":"2025-11-09 13:31:54"}
{"level":"info","message":"GET /api/v1/liabilities?page=1&limit=50 200 2.663 ms - 461","service":"api-service","timestamp":"2025-11-09 13:31:54"}
{"level":"info","message":"GET /api/v1/assets?page=1&limit=50 200 4.626 ms - 397","service":"api-service","timestamp":"2025-11-09 13:31:56"}
{"level":"info","message":"GET /api/v1/assets?page=1&limit=50 200 3.037 ms - 397","service":"api-service","timestamp":"2025-11-09 13:31:56"}
{"level":"info","message":"GET /api/v1/assets?page=1&limit=50 200 5.675 ms - 397","service":"api-service","timestamp":"2025-11-09 13:31:57"}
{"level":"info","message":"GET /api/v1/liabilities?page=1&limit=50 200 4.109 ms - 461","service":"api-service","timestamp":"2025-11-09 13:31:57"}
{"level":"info","message":"GET /api/v1/assets?page=1&limit=50 200 2.169 ms - 397","service":"api-service","timestamp":"2025-11-09 13:31:57"}
{"level":"info","message":"GET /api/v1/liabilities?page=1&limit=50 200 1.515 ms - 461","service":"api-service","timestamp":"2025-11-09 13:31:57"}
{"level":"info","message":"GET /api/v1/assets?page=1&limit=50 200 4.275 ms - 397","service":"api-service","timestamp":"2025-11-09 13:32:07"}
{"level":"info","message":"GET /api/v1/assets?page=1&limit=50 200 2.062 ms - 397","service":"api-service","timestamp":"2025-11-09 13:32:07"}
{"level":"info","message":"GET /api/v1/liabilities?page=1&limit=50 200 2.548 ms - 461","service":"api-service","timestamp":"2025-11-09 13:32:33"}
{"level":"info","message":"GET /api/v1/liabilities?page=1&limit=50 200 2.219 ms - 461","service":"api-service","timestamp":"2025-11-09 13:32:33"}
{"level":"info","message":"GET /api/v1/assets?page=1&limit=50 200 3.719 ms - 397","service":"api-service","timestamp":"2025-11-09 13:32:34"}
{"level":"info","message":"GET /api/v1/assets?page=1&limit=50 200 2.343 ms - 397","service":"api-service","timestamp":"2025-11-09 13:32:34"}
{"level":"info","message":"GET /api/v1/liabilities?page=1&limit=50 200 6.263 ms - 461","service":"api-service","timestamp":"2025-11-09 13:32:35"}
{"level":"info","message":"GET /api/v1/assets?page=1&limit=50 200 4.988 ms - 397","service":"api-service","timestamp":"2025-11-09 13:32:35"}
{"level":"info","message":"GET /api/v1/liabilities?page=1&limit=50 200 2.056 ms - 461","service":"api-service","timestamp":"2025-11-09 13:32:35"}
{"level":"info","message":"GET /api/v1/assets?page=1&limit=50 200 1.464 ms - 397","service":"api-service","timestamp":"2025-11-09 13:32:35"}
{"level":"info","message":"GET /api/v1/assets?page=1&limit=50 200 4.754 ms - 397","service":"api-service","timestamp":"2025-11-09 13:32:38"}
{"level":"info","message":"GET /api/v1/liabilities?page=1&limit=50 200 3.735 ms - 461","service":"api-service","timestamp":"2025-11-09 13:32:38"}
{"level":"info","message":"GET /api/v1/assets?page=1&limit=50 200 2.298 ms - 397","service":"api-service","timestamp":"2025-11-09 13:32:38"}
{"level":"info","message":"GET /api/v1/liabilities?page=1&limit=50 200 1.835 ms - 461","service":"api-service","timestamp":"2025-11-09 13:32:38"}
{"level":"info","message":"GET /api/v1/assets?page=1&limit=50 200 3.119 ms - 397","service":"api-service","timestamp":"2025-11-09 13:32:40"}
{"level":"info","message":"GET /api/v1/assets?page=1&limit=50 200 2.154 ms - 397","service":"api-service","timestamp":"2025-11-09 13:32:40"}
{"level":"info","message":"GET /api/v1/liabilities?page=1&limit=50 200 4.172 ms - 461","service":"api-service","timestamp":"2025-11-09 13:32:41"}
{"level":"info","message":"GET /api/v1/liabilities?page=1&limit=50 200 2.393 ms - 461","service":"api-service","timestamp":"2025-11-09 13:32:41"}
{"level":"info","message":"GET /api/v1/liabilities?page=1&limit=50 200 2.545 ms - 461","service":"api-service","timestamp":"2025-11-09 13:32:43"}
{"level":"info","message":"GET /api/v1/liabilities?page=1&limit=50 200 2.162 ms - 461","service":"api-service","timestamp":"2025-11-09 13:32:43"}
{"level":"info","message":"GET /api/v1/assets?page=1&limit=50 200 4.581 ms - 397","service":"api-service","timestamp":"2025-11-09 13:32:44"}
{"level":"info","message":"GET /api/v1/assets?page=1&limit=50 200 2.085 ms - 397","service":"api-service","timestamp":"2025-11-09 13:32:44"}
{"level":"info","message":"GET /api/v1/assets?page=1&limit=50 200 4.322 ms - 397","service":"api-service","timestamp":"2025-11-09 13:32:45"}
{"level":"info","message":"GET /api/v1/liabilities?page=1&limit=50 200 3.365 ms - 461","service":"api-service","timestamp":"2025-11-09 13:32:45"}
{"level":"info","message":"GET /api/v1/assets?page=1&limit=50 200 2.981 ms - 397","service":"api-service","timestamp":"2025-11-09 13:32:45"}
{"level":"info","message":"GET /api/v1/liabilities?page=1&limit=50 200 3.093 ms - 461","service":"api-service","timestamp":"2025-11-09 13:32:45"}
{"level":"info","message":"GET /api/v1/assets?page=1&limit=50 200 4.377 ms - 397","service":"api-service","timestamp":"2025-11-09 13:32:46"}
{"level":"info","message":"GET /api/v1/liabilities?page=1&limit=50 200 3.520 ms - 461","service":"api-service","timestamp":"2025-11-09 13:32:46"}
{"level":"info","message":"GET /api/v1/assets?page=1&limit=50 200 1.950 ms - 397","service":"api-service","timestamp":"2025-11-09 13:32:46"}
{"level":"info","message":"GET /api/v1/liabilities?page=1&limit=50 200 1.506 ms - 461","service":"api-service","timestamp":"2025-11-09 13:32:46"}
{"level":"info","message":"POST /api/v1/auth/login 200 229.747 ms - 811","service":"api-service","timestamp":"2025-11-09 13:33:05"}
{"level":"info","message":"GET /api/v1/assets?page=1&limit=50 200 3.522 ms - 397","service":"api-service","timestamp":"2025-11-09 13:33:05"}
{"level":"info","message":"GET /api/v1/liabilities?page=1&limit=50 200 3.330 ms - 461","service":"api-service","timestamp":"2025-11-09 13:33:05"}
{"level":"info","message":"GET /api/v1/assets?page=1&limit=50 200 2.286 ms - 397","service":"api-service","timestamp":"2025-11-09 13:33:05"}
{"level":"info","message":"GET /api/v1/liabilities?page=1&limit=50 200 1.583 ms - 461","service":"api-service","timestamp":"2025-11-09 13:33:05"}
{"level":"info","message":"GET /api/v1/assets?page=1&limit=50 200 5.960 ms - 397","service":"api-service","timestamp":"2025-11-09 13:33:09"}
{"level":"info","message":"GET /api/v1/assets?page=1&limit=50 200 2.245 ms - 397","service":"api-service","timestamp":"2025-11-09 13:33:09"}
{"level":"info","message":"GET /api/v1/liabilities?page=1&limit=50 200 5.040 ms - 461","service":"api-service","timestamp":"2025-11-09 13:33:10"}
{"level":"info","message":"GET /api/v1/liabilities?page=1&limit=50 200 2.140 ms - 461","service":"api-service","timestamp":"2025-11-09 13:33:10"}
{"level":"info","message":"GET /api/v1/assets?page=1&limit=50 200 3.470 ms - 397","service":"api-service","timestamp":"2025-11-09 13:33:20"}
{"level":"info","message":"GET /api/v1/assets?page=1&limit=50 200 1.778 ms - 397","service":"api-service","timestamp":"2025-11-09 13:33:20"}
{"level":"info","message":"GET /api/v1/liabilities?page=1&limit=50 200 4.771 ms - 461","service":"api-service","timestamp":"2025-11-09 13:33:20"}
{"level":"info","message":"GET /api/v1/liabilities?page=1&limit=50 200 2.579 ms - 461","service":"api-service","timestamp":"2025-11-09 13:33:20"}
{"level":"info","message":"GET /api/v1/liabilities?page=1&limit=50 200 3.407 ms - 461","service":"api-service","timestamp":"2025-11-09 13:33:32"}
{"level":"info","message":"GET /api/v1/liabilities?page=1&limit=50 200 2.440 ms - 461","service":"api-service","timestamp":"2025-11-09 13:33:32"}
{"level":"info","message":"GET /api/v1/assets?page=1&limit=50 200 3.549 ms - 397","service":"api-service","timestamp":"2025-11-09 13:33:48"}
{"level":"info","message":"GET /api/v1/assets?page=1&limit=50 200 2.047 ms - 397","service":"api-service","timestamp":"2025-11-09 13:33:48"}
{"level":"info","message":"GET /api/v1/assets?page=1&limit=50 200 6.262 ms - 397","service":"api-service","timestamp":"2025-11-09 13:38:17"}
{"level":"info","message":"GET /api/v1/assets?page=1&limit=50 200 1.450 ms - 397","service":"api-service","timestamp":"2025-11-09 13:38:17"}
{"level":"info","message":"GET /api/v1/liabilities?page=1&limit=50 200 7.008 ms - 461","service":"api-service","timestamp":"2025-11-09 13:50:29"}
{"level":"info","message":"GET /api/v1/liabilities?page=1&limit=50 200 2.135 ms - 461","service":"api-service","timestamp":"2025-11-09 13:50:29"}
{"level":"info","message":"GET /api/v1/liabilities?page=1&limit=50 200 4.799 ms - 461","service":"api-service","timestamp":"2025-11-09 13:50:36"}
{"level":"info","message":"GET /api/v1/liabilities?page=1&limit=50 200 2.196 ms - 461","service":"api-service","timestamp":"2025-11-09 13:50:36"}
{"level":"info","message":"GET /api/v1/assets?page=1&limit=50 200 3.525 ms - 397","service":"api-service","timestamp":"2025-11-09 13:50:38"}
{"level":"info","message":"GET /api/v1/assets?page=1&limit=50 200 2.184 ms - 397","service":"api-service","timestamp":"2025-11-09 13:50:38"}
{"level":"info","message":"GET /api/v1/liabilities?page=1&limit=50 200 4.300 ms - 461","service":"api-service","timestamp":"2025-11-09 13:54:43"}
{"level":"info","message":"GET /api/v1/liabilities?page=1&limit=50 200 2.292 ms - 461","service":"api-service","timestamp":"2025-11-09 13:54:43"}
{"level":"info","message":"GET /api/v1/liabilities?page=1&limit=50 200 2.898 ms - 461","service":"api-service","timestamp":"2025-11-09 13:54:49"}
{"level":"info","message":"GET /api/v1/liabilities?page=1&limit=50 200 1.945 ms - 461","service":"api-service","timestamp":"2025-11-09 13:54:49"}
{"level":"info","message":"GET /api/v1/assets?page=1&limit=50 200 2.791 ms - 397","service":"api-service","timestamp":"2025-11-09 13:54:50"}
{"level":"info","message":"GET /api/v1/assets?page=1&limit=50 200 2.513 ms - 397","service":"api-service","timestamp":"2025-11-09 13:54:50"}
{"level":"info","message":"GET /api/v1/assets?page=1&limit=50 200 3.636 ms - 397","service":"api-service","timestamp":"2025-11-09 13:54:50"}
{"level":"info","message":"GET /api/v1/assets?page=1&limit=50 200 2.796 ms - 397","service":"api-service","timestamp":"2025-11-09 13:54:50"}
{"level":"info","message":"GET /api/v1/liabilities?page=1&limit=50 200 7.217 ms - 461","service":"api-service","timestamp":"2025-11-09 13:54:50"}
{"level":"info","message":"GET /api/v1/liabilities?page=1&limit=50 200 0.984 ms - 461","service":"api-service","timestamp":"2025-11-09 13:54:50"}
{"level":"info","message":"GET /api/v1/assets?page=1&limit=50 200 3.095 ms - 397","service":"api-service","timestamp":"2025-11-09 13:55:07"}
{"level":"info","message":"GET /api/v1/assets?page=1&limit=50 200 2.277 ms - 397","service":"api-service","timestamp":"2025-11-09 13:55:07"}
{"level":"info","message":"GET /api/v1/liabilities?page=1&limit=50 200 2.917 ms - 461","service":"api-service","timestamp":"2025-11-09 13:55:07"}
{"level":"info","message":"GET /api/v1/liabilities?page=1&limit=50 200 2.262 ms - 461","service":"api-service","timestamp":"2025-11-09 13:55:07"}
{"level":"info","message":"GET /api/v1/assets?page=1&limit=50 200 3.936 ms - 397","service":"api-service","timestamp":"2025-11-09 13:57:14"}
{"level":"info","message":"GET /api/v1/assets?page=1&limit=50 200 2.148 ms - 397","service":"api-service","timestamp":"2025-11-09 13:57:14"}
{"level":"info","message":"GET /api/v1/liabilities?page=1&limit=50 200 4.109 ms - 461","service":"api-service","timestamp":"2025-11-09 13:57:18"}
{"level":"info","message":"GET /api/v1/liabilities?page=1&limit=50 200 2.466 ms - 461","service":"api-service","timestamp":"2025-11-09 13:57:18"}
{"level":"info","message":"GET /api/v1/assets?page=1&limit=50 200 2.974 ms - 397","service":"api-service","timestamp":"2025-11-09 13:57:19"}
{"level":"info","message":"GET /api/v1/assets?page=1&limit=50 200 1.728 ms - 397","service":"api-service","timestamp":"2025-11-09 13:57:19"}
{"level":"info","message":"GET /api/v1/liabilities?page=1&limit=50 200 3.193 ms - 461","service":"api-service","timestamp":"2025-11-09 13:57:21"}
{"level":"info","message":"GET /api/v1/liabilities?page=1&limit=50 200 2.278 ms - 461","service":"api-service","timestamp":"2025-11-09 13:57:22"}
{"level":"info","message":"GET /api/v1/assets?page=1&limit=50 200 4.701 ms - 397","service":"api-service","timestamp":"2025-11-09 13:57:23"}
{"level":"info","message":"GET /api/v1/assets?page=1&limit=50 200 2.026 ms - 397","service":"api-service","timestamp":"2025-11-09 13:57:23"}
{"level":"info","message":"GET /api/v1/liabilities?page=1&limit=50 200 3.278 ms - 461","service":"api-service","timestamp":"2025-11-09 13:57:25"}
{"level":"info","message":"GET /api/v1/liabilities?page=1&limit=50 200 1.780 ms - 461","service":"api-service","timestamp":"2025-11-09 13:57:25"}
{"level":"info","message":"GET /api/v1/assets?page=1&limit=50 200 2.276 ms - 397","service":"api-service","timestamp":"2025-11-09 13:57:27"}
{"level":"info","message":"GET /api/v1/assets?page=1&limit=50 200 1.582 ms - 397","service":"api-service","timestamp":"2025-11-09 13:57:27"}
{"level":"info","message":"GET /api/v1/liabilities?page=1&limit=50 200 3.984 ms - 461","service":"api-service","timestamp":"2025-11-09 13:57:28"}
{"level":"info","message":"GET /api/v1/liabilities?page=1&limit=50 200 2.604 ms - 461","service":"api-service","timestamp":"2025-11-09 13:57:28"}
{"level":"info","message":"GET /api/v1/assets?page=1&limit=50 200 2.676 ms - 397","service":"api-service","timestamp":"2025-11-09 13:57:30"}
{"level":"info","message":"GET /api/v1/assets?page=1&limit=50 200 1.903 ms - 397","service":"api-service","timestamp":"2025-11-09 13:57:30"}
{"level":"info","message":"GET /api/v1/assets?page=1&limit=50 200 3.475 ms - 397","service":"api-service","timestamp":"2025-11-09 14:03:32"}
{"level":"info","message":"GET /api/v1/assets?page=1&limit=50 200 1.978 ms - 397","service":"api-service","timestamp":"2025-11-09 14:03:32"}
{"level":"info","message":"POST /api/v1/auth/login 200 232.966 ms - 811","service":"api-service","timestamp":"2025-11-09 14:20:22"}
{"level":"info","message":"GET /api/v1/assets?page=1&limit=50 200 1.731 ms - 397","service":"api-service","timestamp":"2025-11-09 14:20:22"}
{"level":"info","message":"GET /api/v1/liabilities?page=1&limit=50 200 1.666 ms - 461","service":"api-service","timestamp":"2025-11-09 14:20:22"}
{"level":"info","message":"GET /api/v1/assets?page=1&limit=50 200 1.270 ms - 397","service":"api-service","timestamp":"2025-11-09 14:20:22"}
{"level":"info","message":"GET /api/v1/liabilities?page=1&limit=50 200 1.161 ms - 461","service":"api-service","timestamp":"2025-11-09 14:20:22"}
{"level":"info","message":"GET /api/v1/assets?page=1&limit=50 200 3.160 ms - 397","service":"api-service","timestamp":"2025-11-09 14:20:42"}
{"level":"info","message":"GET /api/v1/assets?page=1&limit=50 200 2.131 ms - 397","service":"api-service","timestamp":"2025-11-09 14:20:42"}
{"level":"error","message":"AppError: [{\"path\":\"documents.0\",\"message\":\"Expected string, received object\"}]","method":"POST","path":"/api/v1/assets","service":"api-service","stack":"Error: [{\"path\":\"documents.0\",\"message\":\"Expected string, received object\"}]\n    at <anonymous> (/Users/thamaraikannan/Desktop/personal-finance/backend/src/middlewares/validation.middleware.ts:16:15)\n    at Layer.handleRequest (/Users/thamaraikannan/Desktop/personal-finance/backend/node_modules/router/lib/layer.js:152:17)\n    at next (/Users/thamaraikannan/Desktop/personal-finance/backend/node_modules/router/lib/route.js:157:13)\n    at Route.dispatch (/Users/thamaraikannan/Desktop/personal-finance/backend/node_modules/router/lib/route.js:117:3)\n    at handle (/Users/thamaraikannan/Desktop/personal-finance/backend/node_modules/router/index.js:435:11)\n    at Layer.handleRequest (/Users/thamaraikannan/Desktop/personal-finance/backend/node_modules/router/lib/layer.js:152:17)\n    at /Users/thamaraikannan/Desktop/personal-finance/backend/node_modules/router/index.js:295:15\n    at processParams (/Users/thamaraikannan/Desktop/personal-finance/backend/node_modules/router/index.js:582:12)\n    at next (/Users/thamaraikannan/Desktop/personal-finance/backend/node_modules/router/index.js:291:5)\n    at authenticate (/Users/thamaraikannan/Desktop/personal-finance/backend/src/middlewares/auth.middleware.ts:34:5)","statusCode":422,"timestamp":"2025-11-09 14:21:41"}
{"level":"info","message":"POST /api/v1/assets 422 3.585 ms - 146","service":"api-service","timestamp":"2025-11-09 14:21:41"}
{"level":"info","message":"GET /api/v1/assets?page=1&limit=50 200 3.596 ms - 397","service":"api-service","timestamp":"2025-11-09 14:21:42"}
{"level":"info","message":"POST /api/v1/assets 201 10.566 ms - 369","service":"api-service","timestamp":"2025-11-09 14:22:26"}
{"level":"info","message":"GET /api/v1/assets?page=1&limit=50 200 3.625 ms - 655","service":"api-service","timestamp":"2025-11-09 14:22:26"}
{"level":"info","message":"GET /api/v1/liabilities?page=1&limit=50 200 3.543 ms - 461","service":"api-service","timestamp":"2025-11-09 14:23:21"}
{"level":"info","message":"GET /api/v1/liabilities?page=1&limit=50 200 2.298 ms - 461","service":"api-service","timestamp":"2025-11-09 14:23:21"}
{"level":"info","message":"GET /api/v1/liabilities?page=1&limit=50 200 2.947 ms - 461","service":"api-service","timestamp":"2025-11-09 14:24:29"}
{"level":"info","message":"GET /api/v1/liabilities?page=1&limit=50 200 1.924 ms - 461","service":"api-service","timestamp":"2025-11-09 14:24:29"}
{"level":"info","message":"GET /api/v1/liabilities?page=1&limit=50 200 3.878 ms - 461","service":"api-service","timestamp":"2025-11-09 14:25:26"}
{"level":"info","message":"GET /api/v1/liabilities?page=1&limit=50 200 2.140 ms - 461","service":"api-service","timestamp":"2025-11-09 14:25:26"}
{"level":"info","message":"GET /api/v1/assets?page=1&limit=50 200 3.577 ms - 655","service":"api-service","timestamp":"2025-11-09 14:25:28"}
{"level":"info","message":"GET /api/v1/assets?page=1&limit=50 200 2.168 ms - 655","service":"api-service","timestamp":"2025-11-09 14:25:28"}
{"level":"info","message":"GET /api/v1/assets?page=1&limit=50 200 4.384 ms - 655","service":"api-service","timestamp":"2025-11-09 14:25:30"}
{"level":"info","message":"GET /api/v1/liabilities?page=1&limit=50 200 4.079 ms - 461","service":"api-service","timestamp":"2025-11-09 14:25:30"}
{"level":"info","message":"GET /api/v1/assets?page=1&limit=50 200 2.085 ms - 655","service":"api-service","timestamp":"2025-11-09 14:25:30"}
{"level":"info","message":"GET /api/v1/liabilities?page=1&limit=50 200 1.660 ms - 461","service":"api-service","timestamp":"2025-11-09 14:25:30"}
{"level":"info","message":"GET /api/v1/liabilities?page=1&limit=50 200 3.673 ms - 461","service":"api-service","timestamp":"2025-11-09 14:34:55"}
{"level":"info","message":"GET /api/v1/liabilities?page=1&limit=50 200 2.582 ms - 461","service":"api-service","timestamp":"2025-11-09 14:34:55"}
{"level":"info","message":"GET /api/v1/assets?page=1&limit=50 200 2.527 ms - 655","service":"api-service","timestamp":"2025-11-09 14:34:56"}
{"level":"info","message":"GET /api/v1/assets?page=1&limit=50 200 2.362 ms - 655","service":"api-service","timestamp":"2025-11-09 14:34:56"}
{"level":"info","message":"GET /api/v1/liabilities?page=1&limit=50 200 4.008 ms - 461","service":"api-service","timestamp":"2025-11-09 14:43:17"}
{"level":"info","message":"GET /api/v1/liabilities?page=1&limit=50 200 2.409 ms - 461","service":"api-service","timestamp":"2025-11-09 14:43:17"}
{"level":"info","message":"GET /api/v1/assets?page=1&limit=50 200 2.614 ms - 655","service":"api-service","timestamp":"2025-11-09 14:44:30"}
{"level":"info","message":"GET /api/v1/assets?page=1&limit=50 200 2.563 ms - 655","service":"api-service","timestamp":"2025-11-09 14:44:30"}
{"level":"info","message":"GET /api/v1/liabilities?page=1&limit=50 200 2.759 ms - 461","service":"api-service","timestamp":"2025-11-09 14:44:52"}
{"level":"info","message":"GET /api/v1/liabilities?page=1&limit=50 200 1.931 ms - 461","service":"api-service","timestamp":"2025-11-09 14:44:52"}
{"level":"info","message":"GET /api/v1/liabilities?page=1&limit=50 200 2.894 ms - 461","service":"api-service","timestamp":"2025-11-09 15:22:29"}
{"level":"info","message":"GET /api/v1/liabilities?page=1&limit=50 200 2.015 ms - 461","service":"api-service","timestamp":"2025-11-09 15:22:29"}
{"level":"info","message":"GET /api/v1/liabilities?page=1&limit=50 200 6.154 ms - 461","service":"api-service","timestamp":"2025-11-09 15:57:54"}
{"level":"info","message":"GET /api/v1/liabilities?page=1&limit=50 200 2.178 ms - 461","service":"api-service","timestamp":"2025-11-09 15:57:54"}
{"level":"info","message":"GET /api/v1/assets?page=1&limit=50 200 3.700 ms - 655","service":"api-service","timestamp":"2025-11-09 16:09:17"}
{"level":"info","message":"GET /api/v1/assets?page=1&limit=50 200 2.105 ms - 655","service":"api-service","timestamp":"2025-11-09 16:09:17"}
{"level":"info","message":"GET /api/v1/assets?page=1&limit=50 200 6.206 ms - 655","service":"api-service","timestamp":"2025-11-09 16:45:15"}
{"level":"info","message":"GET /api/v1/assets?page=1&limit=50 200 4.445 ms - 655","service":"api-service","timestamp":"2025-11-09 16:45:15"}
{"level":"info","message":"GET /api/v1/assets?page=1&limit=50 200 1.520 ms - 655","service":"api-service","timestamp":"2025-11-09 16:53:26"}
{"level":"info","message":"GET /api/v1/assets?page=1&limit=50 200 1.208 ms - 655","service":"api-service","timestamp":"2025-11-09 16:53:26"}
{"level":"info","message":"GET /api/v1/assets?page=1&limit=50 200 3.686 ms - 655","service":"api-service","timestamp":"2025-11-09 16:59:35"}
{"level":"info","message":"GET /api/v1/assets?page=1&limit=50 200 1.815 ms - 655","service":"api-service","timestamp":"2025-11-09 16:59:35"}
{"level":"info","message":"GET /api/v1/assets?page=1&limit=50 200 2.847 ms - 655","service":"api-service","timestamp":"2025-11-09 17:01:38"}
{"level":"info","message":"GET /api/v1/assets?page=1&limit=50 200 2.390 ms - 655","service":"api-service","timestamp":"2025-11-09 17:01:38"}
{"level":"info","message":"GET /api/v1/assets?page=1&limit=50 200 1.849 ms - 655","service":"api-service","timestamp":"2025-11-09 17:09:58"}
{"level":"info","message":"GET /api/v1/assets?page=1&limit=50 200 1.349 ms - 655","service":"api-service","timestamp":"2025-11-09 17:09:58"}
{"level":"info","message":"GET /api/v1/assets?page=1&limit=50 200 4.142 ms - 655","service":"api-service","timestamp":"2025-11-09 17:18:27"}
{"level":"info","message":"GET /api/v1/assets?page=1&limit=50 200 2.141 ms - 655","service":"api-service","timestamp":"2025-11-09 17:18:27"}
{"level":"info","message":"GET /api/v1/liabilities?page=1&limit=50 200 7.785 ms - 461","service":"api-service","timestamp":"2025-11-09 17:18:27"}
{"level":"info","message":"GET /api/v1/liabilities?page=1&limit=50 200 1.260 ms - 461","service":"api-service","timestamp":"2025-11-09 17:18:27"}
{"level":"info","message":"GET /api/v1/liabilities?page=1&limit=50 200 3.868 ms - 461","service":"api-service","timestamp":"2025-11-09 17:18:30"}
{"level":"info","message":"GET /api/v1/assets?page=1&limit=50 200 3.233 ms - 655","service":"api-service","timestamp":"2025-11-09 17:18:30"}
{"level":"info","message":"GET /api/v1/liabilities?page=1&limit=50 200 2.465 ms - 461","service":"api-service","timestamp":"2025-11-09 17:18:30"}
{"level":"info","message":"GET /api/v1/assets?page=1&limit=50 200 1.671 ms - 655","service":"api-service","timestamp":"2025-11-09 17:18:30"}
{"level":"info","message":"GET /api/v1/assets?page=1&limit=50 200 2.630 ms - 655","service":"api-service","timestamp":"2025-11-09 17:18:33"}
{"level":"info","message":"GET /api/v1/assets?page=1&limit=50 200 1.902 ms - 655","service":"api-service","timestamp":"2025-11-09 17:18:33"}
{"level":"info","message":"GET /api/v1/liabilities?page=1&limit=50 200 3.973 ms - 461","service":"api-service","timestamp":"2025-11-09 17:18:43"}
{"level":"info","message":"GET /api/v1/liabilities?page=1&limit=50 200 1.942 ms - 461","service":"api-service","timestamp":"2025-11-09 17:18:43"}
{"level":"info","message":"GET /api/v1/assets?page=1&limit=50 200 3.629 ms - 655","service":"api-service","timestamp":"2025-11-09 17:18:45"}
{"level":"info","message":"GET /api/v1/assets?page=1&limit=50 200 2.183 ms - 655","service":"api-service","timestamp":"2025-11-09 17:18:45"}
{"level":"info","message":"GET /api/v1/assets?page=1&limit=50 200 1.749 ms - 655","service":"api-service","timestamp":"2025-11-09 17:27:22"}
{"level":"info","message":"GET /api/v1/assets?page=1&limit=50 200 1.822 ms - 655","service":"api-service","timestamp":"2025-11-09 17:27:22"}
{"level":"info","message":"GET /api/v1/assets?page=1&limit=50 200 1.665 ms - 655","service":"api-service","timestamp":"2025-11-09 17:27:49"}
{"level":"info","message":"GET /api/v1/assets?page=1&limit=50 200 1.558 ms - 655","service":"api-service","timestamp":"2025-11-09 17:27:49"}
{"level":"info","message":"POST /api/v1/auth/login 200 226.816 ms - 811","service":"api-service","timestamp":"2025-11-09 17:34:53"}
{"level":"info","message":"GET /api/v1/assets?page=1&limit=50 200 2.758 ms - 655","service":"api-service","timestamp":"2025-11-09 17:34:54"}
{"level":"info","message":"GET /api/v1/liabilities?page=1&limit=50 200 2.436 ms - 461","service":"api-service","timestamp":"2025-11-09 17:34:54"}
{"level":"info","message":"GET /api/v1/assets?page=1&limit=50 200 1.427 ms - 655","service":"api-service","timestamp":"2025-11-09 17:34:54"}
{"level":"info","message":"GET /api/v1/liabilities?page=1&limit=50 200 1.018 ms - 461","service":"api-service","timestamp":"2025-11-09 17:34:54"}
{"level":"info","message":"GET /api/v1/assets?page=1&limit=50 200 4.066 ms - 655","service":"api-service","timestamp":"2025-11-09 17:34:57"}
{"level":"info","message":"GET /api/v1/assets?page=1&limit=50 200 2.059 ms - 655","service":"api-service","timestamp":"2025-11-09 17:34:57"}
{"level":"info","message":"GET /api/v1/assets?page=1&limit=50 200 1.771 ms - 655","service":"api-service","timestamp":"2025-11-09 17:38:26"}
{"level":"info","message":"GET /api/v1/assets?page=1&limit=50 200 1.234 ms - 655","service":"api-service","timestamp":"2025-11-09 17:38:26"}
{"level":"info","message":"POST /api/v1/auth/login 200 230.475 ms - 811","service":"api-service","timestamp":"2025-11-09 17:49:41"}
{"level":"info","message":"GET /api/v1/assets?page=1&limit=50 200 2.944 ms - 655","service":"api-service","timestamp":"2025-11-09 17:49:41"}
{"level":"info","message":"GET /api/v1/liabilities?page=1&limit=50 200 2.204 ms - 461","service":"api-service","timestamp":"2025-11-09 17:49:41"}
{"level":"info","message":"GET /api/v1/assets?page=1&limit=50 200 1.345 ms - 655","service":"api-service","timestamp":"2025-11-09 17:49:41"}
{"level":"info","message":"GET /api/v1/liabilities?page=1&limit=50 200 1.049 ms - 461","service":"api-service","timestamp":"2025-11-09 17:49:41"}
{"level":"info","message":"GET /api/v1/assets?page=1&limit=50 200 2.554 ms - 655","service":"api-service","timestamp":"2025-11-09 17:50:00"}
{"level":"info","message":"GET /api/v1/assets?page=1&limit=50 200 2.063 ms - 655","service":"api-service","timestamp":"2025-11-09 17:50:00"}
{"level":"info","message":"GET /api/v1/assets?page=1&limit=50 200 5.002 ms - 655","service":"api-service","timestamp":"2025-11-09 17:50:47"}
{"level":"info","message":"GET /api/v1/assets?page=1&limit=50 200 1.947 ms - 655","service":"api-service","timestamp":"2025-11-09 17:50:47"}
{"level":"info","message":"GET /api/v1/assets?page=1&limit=50 200 1.734 ms - 655","service":"api-service","timestamp":"2025-11-09 17:57:23"}
{"level":"info","message":"GET /api/v1/assets?page=1&limit=50 200 1.104 ms - 655","service":"api-service","timestamp":"2025-11-09 17:57:23"}
{"level":"info","message":"GET /api/v1/liabilities?page=1&limit=50 200 2.759 ms - 461","service":"api-service","timestamp":"2025-11-09 18:03:56"}
{"level":"info","message":"GET /api/v1/liabilities?page=1&limit=50 200 1.784 ms - 461","service":"api-service","timestamp":"2025-11-09 18:03:56"}
{"level":"info","message":"GET /api/v1/liabilities?page=1&limit=50 200 4.426 ms - 461","service":"api-service","timestamp":"2025-11-09 18:04:02"}
{"level":"info","message":"GET /api/v1/liabilities?page=1&limit=50 200 2.021 ms - 461","service":"api-service","timestamp":"2025-11-09 18:04:02"}
{"level":"info","message":"GET /api/v1/assets?page=1&limit=50 200 3.268 ms - 655","service":"api-service","timestamp":"2025-11-09 18:04:03"}
{"level":"info","message":"GET /api/v1/assets?page=1&limit=50 200 1.507 ms - 655","service":"api-service","timestamp":"2025-11-09 18:04:03"}
{"level":"info","message":"GET /api/v1/liabilities?page=1&limit=50 200 3.166 ms - 461","service":"api-service","timestamp":"2025-11-09 18:04:04"}
{"level":"info","message":"GET /api/v1/assets?page=1&limit=50 200 2.936 ms - 655","service":"api-service","timestamp":"2025-11-09 18:04:04"}
{"level":"info","message":"GET /api/v1/liabilities?page=1&limit=50 200 1.421 ms - 461","service":"api-service","timestamp":"2025-11-09 18:04:04"}
{"level":"info","message":"GET /api/v1/assets?page=1&limit=50 200 1.425 ms - 655","service":"api-service","timestamp":"2025-11-09 18:04:04"}
{"level":"info","message":"GET /api/v1/assets?page=1&limit=50 200 3.340 ms - 655","service":"api-service","timestamp":"2025-11-09 18:04:10"}
{"level":"info","message":"GET /api/v1/assets?page=1&limit=50 200 1.912 ms - 655","service":"api-service","timestamp":"2025-11-09 18:04:10"}
{"level":"info","message":"POST /api/v1/assets 201 3.665 ms - 371","service":"api-service","timestamp":"2025-11-09 18:04:21"}
{"level":"info","message":"GET /api/v1/assets?page=1&limit=50 200 3.512 ms - 915","service":"api-service","timestamp":"2025-11-09 18:04:21"}
{"level":"info","message":"PUT /api/v1/assets/690fbec57c36c78db67e23d0 200 6.848 ms - 368","service":"api-service","timestamp":"2025-11-09 18:04:32"}
{"level":"info","message":"GET /api/v1/assets?page=1&limit=50 200 5.554 ms - 912","service":"api-service","timestamp":"2025-11-09 18:04:32"}
{"level":"info","message":"GET /api/v1/assets?page=1&limit=50 200 4.707 ms - 912","service":"api-service","timestamp":"2025-11-09 18:04:33"}
{"level":"info","message":"GET /api/v1/liabilities?page=1&limit=50 200 4.016 ms - 461","service":"api-service","timestamp":"2025-11-09 18:04:33"}
{"level":"info","message":"GET /api/v1/assets?page=1&limit=50 200 1.780 ms - 912","service":"api-service","timestamp":"2025-11-09 18:04:33"}
{"level":"info","message":"GET /api/v1/liabilities?page=1&limit=50 200 1.763 ms - 461","service":"api-service","timestamp":"2025-11-09 18:04:33"}
{"level":"info","message":"GET /api/v1/assets?page=1&limit=50 200 3.563 ms - 912","service":"api-service","timestamp":"2025-11-09 18:04:56"}
{"level":"info","message":"GET /api/v1/assets?page=1&limit=50 200 2.249 ms - 912","service":"api-service","timestamp":"2025-11-09 18:04:56"}
{"level":"info","message":"DELETE /api/v1/assets/6910564ac8db1469f569302a 200 6.945 ms - 94","service":"api-service","timestamp":"2025-11-09 18:05:07"}
{"level":"info","message":"GET /api/v1/assets?page=1&limit=50 200 3.671 ms - 654","service":"api-service","timestamp":"2025-11-09 18:05:07"}
{"level":"info","message":"GET /api/v1/assets?page=1&limit=50 200 4.165 ms - 654","service":"api-service","timestamp":"2025-11-09 18:05:31"}
{"level":"info","message":"GET /api/v1/liabilities?page=1&limit=50 200 3.451 ms - 461","service":"api-service","timestamp":"2025-11-09 18:05:31"}
{"level":"info","message":"GET /api/v1/assets?page=1&limit=50 200 1.548 ms - 654","service":"api-service","timestamp":"2025-11-09 18:05:31"}
{"level":"info","message":"GET /api/v1/liabilities?page=1&limit=50 200 1.296 ms - 461","service":"api-service","timestamp":"2025-11-09 18:05:31"}
{"level":"info","message":"POST /api/v1/auth/login 200 231.892 ms - 811","service":"api-service","timestamp":"2025-11-09 18:05:49"}
{"level":"info","message":"GET /api/v1/assets?page=1&limit=50 200 2.198 ms - 654","service":"api-service","timestamp":"2025-11-09 18:05:49"}
{"level":"info","message":"GET /api/v1/liabilities?page=1&limit=50 200 1.656 ms - 461","service":"api-service","timestamp":"2025-11-09 18:05:49"}
{"level":"info","message":"GET /api/v1/assets?page=1&limit=50 200 1.333 ms - 654","service":"api-service","timestamp":"2025-11-09 18:05:49"}
{"level":"info","message":"GET /api/v1/liabilities?page=1&limit=50 200 1.415 ms - 461","service":"api-service","timestamp":"2025-11-09 18:05:49"}
{"level":"info","message":"GET /api/v1/assets?page=1&limit=50 200 3.085 ms - 654","service":"api-service","timestamp":"2025-11-09 18:05:59"}
{"level":"info","message":"GET /api/v1/assets?page=1&limit=50 200 2.337 ms - 654","service":"api-service","timestamp":"2025-11-09 18:05:59"}
{"level":"info","message":"GET /api/v1/liabilities?page=1&limit=50 200 1.749 ms - 461","service":"api-service","timestamp":"2025-11-09 18:06:00"}
{"level":"info","message":"GET /api/v1/liabilities?page=1&limit=50 200 1.344 ms - 461","service":"api-service","timestamp":"2025-11-09 18:06:00"}
{"level":"info","message":"GET /api/v1/assets?page=1&limit=50 200 6.429 ms - 654","service":"api-service","timestamp":"2025-11-09 18:06:47"}
{"level":"info","message":"GET /api/v1/liabilities?page=1&limit=50 200 3.056 ms - 461","service":"api-service","timestamp":"2025-11-09 18:06:47"}
{"level":"info","message":"GET /api/v1/assets?page=1&limit=50 200 2.890 ms - 654","service":"api-service","timestamp":"2025-11-09 18:06:47"}
{"level":"info","message":"GET /api/v1/liabilities?page=1&limit=50 200 2.413 ms - 461","service":"api-service","timestamp":"2025-11-09 18:06:47"}
{"level":"info","message":"GET /api/v1/assets?page=1&limit=50 200 3.786 ms - 654","service":"api-service","timestamp":"2025-11-09 18:06:52"}
{"level":"info","message":"GET /api/v1/assets?page=1&limit=50 200 2.156 ms - 654","service":"api-service","timestamp":"2025-11-09 18:06:52"}
{"level":"info","message":"GET /api/v1/liabilities?page=1&limit=50 200 3.179 ms - 461","service":"api-service","timestamp":"2025-11-09 18:06:57"}
{"level":"info","message":"GET /api/v1/liabilities?page=1&limit=50 200 2.259 ms - 461","service":"api-service","timestamp":"2025-11-09 18:06:57"}
{"level":"info","message":"GET /api/v1/assets?page=1&limit=50 200 3.889 ms - 654","service":"api-service","timestamp":"2025-11-09 18:07:20"}
{"level":"info","message":"GET /api/v1/assets?page=1&limit=50 200 1.874 ms - 654","service":"api-service","timestamp":"2025-11-09 18:07:20"}
{"level":"info","message":"GET /api/v1/assets/690fbec57c36c78db67e23d0 200 2.272 ms - 370","service":"api-service","timestamp":"2025-11-09 18:08:00"}
{"level":"info","message":"GET /api/v1/assets/690fbec57c36c78db67e23d0 200 1.917 ms - 370","service":"api-service","timestamp":"2025-11-09 18:08:00"}
{"level":"info","message":"GET /api/v1/assets?page=1&limit=50 200 3.075 ms - 654","service":"api-service","timestamp":"2025-11-09 18:08:33"}
{"level":"info","message":"GET /api/v1/assets?page=1&limit=50 200 2.730 ms - 654","service":"api-service","timestamp":"2025-11-09 18:08:33"}
{"level":"info","message":"GET /api/v1/liabilities?page=1&limit=50 200 4.416 ms - 461","service":"api-service","timestamp":"2025-11-09 18:08:38"}
{"level":"info","message":"GET /api/v1/liabilities?page=1&limit=50 200 1.804 ms - 461","service":"api-service","timestamp":"2025-11-09 18:08:38"}
{"level":"info","message":"GET /api/v1/assets?page=1&limit=50 200 4.066 ms - 654","service":"api-service","timestamp":"2025-11-09 18:08:40"}
{"level":"info","message":"GET /api/v1/liabilities?page=1&limit=50 200 3.398 ms - 461","service":"api-service","timestamp":"2025-11-09 18:08:40"}
{"level":"info","message":"GET /api/v1/assets?page=1&limit=50 200 1.738 ms - 654","service":"api-service","timestamp":"2025-11-09 18:08:40"}
{"level":"info","message":"GET /api/v1/liabilities?page=1&limit=50 200 1.185 ms - 461","service":"api-service","timestamp":"2025-11-09 18:08:40"}
{"level":"info","message":"GET /api/v1/assets?page=1&limit=50 200 3.952 ms - 654","service":"api-service","timestamp":"2025-11-09 18:08:42"}
{"level":"info","message":"GET /api/v1/assets?page=1&limit=50 200 2.831 ms - 654","service":"api-service","timestamp":"2025-11-09 18:08:42"}
{"level":"info","message":"GET /api/v1/liabilities?page=1&limit=50 200 3.764 ms - 461","service":"api-service","timestamp":"2025-11-09 18:08:44"}
{"level":"info","message":"GET /api/v1/liabilities?page=1&limit=50 200 2.142 ms - 461","service":"api-service","timestamp":"2025-11-09 18:08:44"}
{"level":"info","message":"GET /api/v1/assets?page=1&limit=50 200 3.690 ms - 654","service":"api-service","timestamp":"2025-11-09 18:08:46"}
{"level":"info","message":"GET /api/v1/liabilities?page=1&limit=50 200 2.973 ms - 461","service":"api-service","timestamp":"2025-11-09 18:08:46"}
{"level":"info","message":"GET /api/v1/assets?page=1&limit=50 200 1.935 ms - 654","service":"api-service","timestamp":"2025-11-09 18:08:46"}
{"level":"info","message":"GET /api/v1/liabilities?page=1&limit=50 200 1.401 ms - 461","service":"api-service","timestamp":"2025-11-09 18:08:46"}
{"level":"info","message":"GET /api/v1/liabilities?page=1&limit=50 200 2.539 ms - 461","service":"api-service","timestamp":"2025-11-09 18:08:49"}
{"level":"info","message":"GET /api/v1/liabilities?page=1&limit=50 200 2.132 ms - 461","service":"api-service","timestamp":"2025-11-09 18:08:49"}
{"level":"info","message":"GET /api/v1/assets?page=1&limit=50 200 6.186 ms - 654","service":"api-service","timestamp":"2025-11-09 18:09:08"}
{"level":"info","message":"GET /api/v1/liabilities?page=1&limit=50 200 3.005 ms - 461","service":"api-service","timestamp":"2025-11-09 18:09:08"}
{"level":"info","message":"GET /api/v1/assets?page=1&limit=50 200 1.824 ms - 654","service":"api-service","timestamp":"2025-11-09 18:09:08"}
{"level":"info","message":"GET /api/v1/liabilities?page=1&limit=50 200 1.021 ms - 461","service":"api-service","timestamp":"2025-11-09 18:09:08"}
{"level":"info","message":"GET /api/v1/liabilities?page=1&limit=50 200 4.822 ms - 461","service":"api-service","timestamp":"2025-11-09 18:10:06"}
{"level":"info","message":"GET /api/v1/liabilities?page=1&limit=50 200 1.983 ms - 461","service":"api-service","timestamp":"2025-11-09 18:10:06"}
{"level":"info","message":"GET /api/v1/assets?page=1&limit=50 200 1.609 ms - 654","service":"api-service","timestamp":"2025-11-09 18:10:07"}
{"level":"info","message":"GET /api/v1/assets?page=1&limit=50 200 1.299 ms - 654","service":"api-service","timestamp":"2025-11-09 18:10:07"}
{"level":"info","message":"GET /api/v1/liabilities?page=1&limit=50 200 4.509 ms - 461","service":"api-service","timestamp":"2025-11-09 18:10:08"}
{"level":"info","message":"GET /api/v1/assets?page=1&limit=50 200 2.865 ms - 654","service":"api-service","timestamp":"2025-11-09 18:10:08"}
{"level":"info","message":"GET /api/v1/liabilities?page=1&limit=50 200 2.612 ms - 461","service":"api-service","timestamp":"2025-11-09 18:10:08"}
{"level":"info","message":"GET /api/v1/assets?page=1&limit=50 200 1.775 ms - 654","service":"api-service","timestamp":"2025-11-09 18:10:08"}
{"level":"info","message":"GET /api/v1/liabilities?page=1&limit=50 200 2.925 ms - 461","service":"api-service","timestamp":"2025-11-09 18:10:24"}
{"level":"info","message":"GET /api/v1/liabilities?page=1&limit=50 200 1.912 ms - 461","service":"api-service","timestamp":"2025-11-09 18:10:24"}
{"level":"info","message":"GET /api/v1/assets?page=1&limit=50 200 3.074 ms - 654","service":"api-service","timestamp":"2025-11-09 18:10:25"}
{"level":"info","message":"GET /api/v1/assets?page=1&limit=50 200 2.854 ms - 654","service":"api-service","timestamp":"2025-11-09 18:10:25"}
{"level":"info","message":"GET /api/v1/liabilities?page=1&limit=50 200 1.833 ms - 461","service":"api-service","timestamp":"2025-11-09 18:13:13"}
{"level":"info","message":"GET /api/v1/liabilities?page=1&limit=50 200 1.550 ms - 461","service":"api-service","timestamp":"2025-11-09 18:13:13"}
{"level":"error","message":"AppError: [{\"path\":\"interestRate\",\"message\":\"Number must be less than or equal to 100\"}]","method":"POST","path":"/api/v1/liabilities","service":"api-service","stack":"Error: [{\"path\":\"interestRate\",\"message\":\"Number must be less than or equal to 100\"}]\n    at <anonymous> (/Users/thamaraikannan/Desktop/personal-finance/backend/src/middlewares/validation.middleware.ts:16:15)\n    at Layer.handleRequest (/Users/thamaraikannan/Desktop/personal-finance/backend/node_modules/router/lib/layer.js:152:17)\n    at next (/Users/thamaraikannan/Desktop/personal-finance/backend/node_modules/router/lib/route.js:157:13)\n    at Route.dispatch (/Users/thamaraikannan/Desktop/personal-finance/backend/node_modules/router/lib/route.js:117:3)\n    at handle (/Users/thamaraikannan/Desktop/personal-finance/backend/node_modules/router/index.js:435:11)\n    at Layer.handleRequest (/Users/thamaraikannan/Desktop/personal-finance/backend/node_modules/router/lib/layer.js:152:17)\n    at /Users/thamaraikannan/Desktop/personal-finance/backend/node_modules/router/index.js:295:15\n    at processParams (/Users/thamaraikannan/Desktop/personal-finance/backend/node_modules/router/index.js:582:12)\n    at next (/Users/thamaraikannan/Desktop/personal-finance/backend/node_modules/router/index.js:291:5)\n    at authenticate (/Users/thamaraikannan/Desktop/personal-finance/backend/src/middlewares/auth.middleware.ts:34:5)","statusCode":422,"timestamp":"2025-11-09 18:13:33"}
{"level":"info","message":"POST /api/v1/liabilities 422 1.558 ms - 155","service":"api-service","timestamp":"2025-11-09 18:13:33"}
{"level":"info","message":"GET /api/v1/liabilities?page=1&limit=50 200 3.100 ms - 461","service":"api-service","timestamp":"2025-11-09 18:13:33"}
{"level":"info","message":"GET /api/v1/assets?page=1&limit=50 200 3.566 ms - 654","service":"api-service","timestamp":"2025-11-09 18:13:42"}
{"level":"info","message":"GET /api/v1/assets?page=1&limit=50 200 2.154 ms - 654","service":"api-service","timestamp":"2025-11-09 18:13:42"}
{"level":"info","message":"GET /api/v1/assets?page=1&limit=50 200 2.904 ms - 654","service":"api-service","timestamp":"2025-11-09 18:13:43"}
{"level":"info","message":"GET /api/v1/liabilities?page=1&limit=50 200 3.530 ms - 461","service":"api-service","timestamp":"2025-11-09 18:13:43"}
{"level":"info","message":"GET /api/v1/assets?page=1&limit=50 200 3.087 ms - 654","service":"api-service","timestamp":"2025-11-09 18:13:43"}
{"level":"info","message":"GET /api/v1/liabilities?page=1&limit=50 200 1.364 ms - 461","service":"api-service","timestamp":"2025-11-09 18:13:43"}
{"level":"info","message":"GET /api/v1/assets?page=1&limit=50 200 2.881 ms - 654","service":"api-service","timestamp":"2025-11-09 18:13:48"}
{"level":"info","message":"GET /api/v1/assets?page=1&limit=50 200 2.908 ms - 654","service":"api-service","timestamp":"2025-11-09 18:13:49"}
{"level":"info","message":"GET /api/v1/liabilities?page=1&limit=50 200 2.794 ms - 461","service":"api-service","timestamp":"2025-11-09 18:13:52"}
{"level":"info","message":"GET /api/v1/liabilities?page=1&limit=50 200 4.665 ms - 461","service":"api-service","timestamp":"2025-11-09 18:13:52"}
{"level":"info","message":"GET /api/v1/liabilities?page=1&limit=50 200 2.590 ms - 461","service":"api-service","timestamp":"2025-11-09 18:14:10"}
{"level":"info","message":"GET /api/v1/liabilities?page=1&limit=50 200 2.546 ms - 461","service":"api-service","timestamp":"2025-11-09 18:14:10"}
{"level":"info","message":"POST /api/v1/liabilities 201 3.086 ms - 395","service":"api-service","timestamp":"2025-11-09 18:14:25"}
{"level":"info","message":"GET /api/v1/liabilities?page=1&limit=50 200 4.466 ms - 737","service":"api-service","timestamp":"2025-11-09 18:14:25"}
{"level":"info","message":"GET /api/v1/assets?page=1&limit=50 200 4.595 ms - 654","service":"api-service","timestamp":"2025-11-09 18:14:32"}
{"level":"info","message":"GET /api/v1/assets?page=1&limit=50 200 2.362 ms - 654","service":"api-service","timestamp":"2025-11-09 18:14:32"}
{"level":"info","message":"GET /api/v1/assets?page=1&limit=50 200 4.055 ms - 654","service":"api-service","timestamp":"2025-11-09 18:14:33"}
{"level":"info","message":"GET /api/v1/liabilities?page=1&limit=50 200 2.987 ms - 737","service":"api-service","timestamp":"2025-11-09 18:14:33"}
{"level":"info","message":"GET /api/v1/assets?page=1&limit=50 200 3.092 ms - 654","service":"api-service","timestamp":"2025-11-09 18:14:33"}
{"level":"info","message":"GET /api/v1/liabilities?page=1&limit=50 200 2.169 ms - 737","service":"api-service","timestamp":"2025-11-09 18:14:33"}
{"level":"info","message":"GET /api/v1/assets?page=1&limit=50 200 2.882 ms - 654","service":"api-service","timestamp":"2025-11-09 18:14:34"}
{"level":"info","message":"GET /api/v1/assets?page=1&limit=50 200 3.229 ms - 654","service":"api-service","timestamp":"2025-11-09 18:14:34"}
{"level":"info","message":"GET /api/v1/liabilities?page=1&limit=50 200 3.790 ms - 737","service":"api-service","timestamp":"2025-11-09 18:14:59"}
{"level":"info","message":"GET /api/v1/liabilities?page=1&limit=50 200 2.058 ms - 737","service":"api-service","timestamp":"2025-11-09 18:14:59"}
{"level":"info","message":"GET /api/v1/assets?page=1&limit=50 200 4.378 ms - 654","service":"api-service","timestamp":"2025-11-09 18:15:16"}
{"level":"info","message":"GET /api/v1/liabilities?page=1&limit=50 200 3.434 ms - 737","service":"api-service","timestamp":"2025-11-09 18:15:16"}
{"level":"info","message":"GET /api/v1/assets?page=1&limit=50 200 2.542 ms - 654","service":"api-service","timestamp":"2025-11-09 18:15:16"}
{"level":"info","message":"GET /api/v1/liabilities?page=1&limit=50 200 2.054 ms - 737","service":"api-service","timestamp":"2025-11-09 18:15:16"}
{"level":"info","message":"GET /api/v1/assets?page=1&limit=50 200 3.487 ms - 654","service":"api-service","timestamp":"2025-11-09 18:15:21"}
{"level":"info","message":"GET /api/v1/assets?page=1&limit=50 200 2.562 ms - 654","service":"api-service","timestamp":"2025-11-09 18:15:21"}
{"level":"info","message":"GET /api/v1/liabilities?page=1&limit=50 200 3.174 ms - 737","service":"api-service","timestamp":"2025-11-09 18:15:23"}
{"level":"info","message":"GET /api/v1/liabilities?page=1&limit=50 200 2.178 ms - 737","service":"api-service","timestamp":"2025-11-09 18:15:23"}
{"level":"info","message":"GET /api/v1/assets?page=1&limit=50 200 2.881 ms - 654","service":"api-service","timestamp":"2025-11-09 18:15:41"}
{"level":"info","message":"GET /api/v1/assets?page=1&limit=50 200 2.540 ms - 654","service":"api-service","timestamp":"2025-11-09 18:15:41"}
{"level":"info","message":"POST /api/v1/assets 201 3.741 ms - 368","service":"api-service","timestamp":"2025-11-09 18:16:01"}
{"level":"info","message":"GET /api/v1/assets?page=1&limit=50 429 0.295 ms - 85","service":"api-service","timestamp":"2025-11-09 18:16:02"}
{"level":"info","message":"GET /api/v1/assets?page=1&limit=50 429 0.221 ms - 85","service":"api-service","timestamp":"2025-11-09 18:16:04"}
{"level":"info","message":"GET /api/v1/assets?page=1&limit=50 429 0.083 ms - 85","service":"api-service","timestamp":"2025-11-09 18:16:04"}
{"level":"info","message":"GET /api/v1/liabilities?page=1&limit=50 429 0.113 ms - 85","service":"api-service","timestamp":"2025-11-09 18:16:04"}
{"level":"info","message":"GET /api/v1/liabilities?page=1&limit=50 429 0.115 ms - 85","service":"api-service","timestamp":"2025-11-09 18:16:04"}
{"level":"info","message":"GET /api/v1/assets?page=1&limit=50 429 0.247 ms - 85","service":"api-service","timestamp":"2025-11-09 18:16:14"}
{"level":"info","message":"GET /api/v1/assets?page=1&limit=50 429 0.126 ms - 85","service":"api-service","timestamp":"2025-11-09 18:16:14"}
{"level":"info","message":"GET /api/v1/liabilities?page=1&limit=50 429 0.102 ms - 85","service":"api-service","timestamp":"2025-11-09 18:16:14"}
{"level":"info","message":"GET /api/v1/liabilities?page=1&limit=50 429 0.112 ms - 85","service":"api-service","timestamp":"2025-11-09 18:16:14"}
{"level":"info","message":"GET /api/v1/liabilities?page=1&limit=50 429 0.168 ms - 85","service":"api-service","timestamp":"2025-11-09 18:16:21"}
{"level":"info","message":"GET /api/v1/assets?page=1&limit=50 429 0.075 ms - 85","service":"api-service","timestamp":"2025-11-09 18:16:21"}
{"level":"info","message":"GET /api/v1/assets?page=1&limit=50 429 0.094 ms - 85","service":"api-service","timestamp":"2025-11-09 18:16:21"}
{"level":"info","message":"GET /api/v1/liabilities?page=1&limit=50 429 0.112 ms - 85","service":"api-service","timestamp":"2025-11-09 18:16:21"}
{"level":"info","message":"GET /api/v1/assets?page=1&limit=50 429 0.214 ms - 85","service":"api-service","timestamp":"2025-11-09 18:16:22"}
{"level":"info","message":"GET /api/v1/assets?page=1&limit=50 429 0.175 ms - 85","service":"api-service","timestamp":"2025-11-09 18:16:22"}
{"level":"info","message":"GET /api/v1/liabilities?page=1&limit=50 429 0.308 ms - 85","service":"api-service","timestamp":"2025-11-09 18:16:24"}
{"level":"info","message":"GET /api/v1/liabilities?page=1&limit=50 429 0.111 ms - 85","service":"api-service","timestamp":"2025-11-09 18:16:24"}
{"level":"info","message":"GET /api/v1/liabilities?page=1&limit=50 429 0.187 ms - 85","service":"api-service","timestamp":"2025-11-09 18:16:26"}
{"level":"info","message":"GET /api/v1/liabilities?page=1&limit=50 429 0.237 ms - 85","service":"api-service","timestamp":"2025-11-09 18:16:26"}
{"level":"info","message":"GET /api/v1/liabilities?page=1&limit=50 429 0.263 ms - 85","service":"api-service","timestamp":"2025-11-09 18:16:27"}
{"level":"info","message":"GET /api/v1/assets?page=1&limit=50 429 0.167 ms - 85","service":"api-service","timestamp":"2025-11-09 18:16:27"}
{"level":"info","message":"GET /api/v1/liabilities?page=1&limit=50 429 0.196 ms - 85","service":"api-service","timestamp":"2025-11-09 18:16:27"}
{"level":"info","message":"GET /api/v1/assets?page=1&limit=50 429 0.094 ms - 85","service":"api-service","timestamp":"2025-11-09 18:16:27"}
{"level":"info","message":"GET /api/v1/assets?page=1&limit=50 429 0.315 ms - 85","service":"api-service","timestamp":"2025-11-09 18:16:28"}
{"level":"info","message":"GET /api/v1/assets?page=1&limit=50 429 0.219 ms - 85","service":"api-service","timestamp":"2025-11-09 18:16:28"}
{"level":"info","message":"GET /api/v1/assets?page=1&limit=50 200 6.960 ms - 911","service":"api-service","timestamp":"2025-11-09 18:34:40"}
{"level":"info","message":"GET /api/v1/liabilities?page=1&limit=50 200 3.847 ms - 737","service":"api-service","timestamp":"2025-11-09 18:34:40"}
{"level":"info","message":"GET /api/v1/assets?page=1&limit=50 200 1.716 ms - 911","service":"api-service","timestamp":"2025-11-09 18:34:40"}
{"level":"info","message":"GET /api/v1/liabilities?page=1&limit=50 200 1.958 ms - 737","service":"api-service","timestamp":"2025-11-09 18:34:40"}
{"level":"info","message":"GET /api/v1/assets?page=1&limit=50 200 1.574 ms - 911","service":"api-service","timestamp":"2025-11-09 18:34:52"}
{"level":"info","message":"GET /api/v1/liabilities?page=1&limit=50 200 1.272 ms - 737","service":"api-service","timestamp":"2025-11-09 18:34:52"}
{"level":"info","message":"GET /api/v1/assets?page=1&limit=50 200 1.254 ms - 911","service":"api-service","timestamp":"2025-11-09 18:34:52"}
{"level":"info","message":"GET /api/v1/liabilities?page=1&limit=50 200 1.057 ms - 737","service":"api-service","timestamp":"2025-11-09 18:34:52"}
{"level":"info","message":"GET /api/v1/assets?page=1&limit=50 200 4.262 ms - 911","service":"api-service","timestamp":"2025-11-09 18:37:35"}
{"level":"info","message":"GET /api/v1/liabilities?page=1&limit=50 200 3.026 ms - 737","service":"api-service","timestamp":"2025-11-09 18:37:35"}
{"level":"info","message":"GET /api/v1/assets?page=1&limit=50 200 1.445 ms - 911","service":"api-service","timestamp":"2025-11-09 18:37:35"}
{"level":"info","message":"GET /api/v1/liabilities?page=1&limit=50 200 0.910 ms - 737","service":"api-service","timestamp":"2025-11-09 18:37:35"}
{"level":"info","message":"GET /api/v1/liabilities?page=1&limit=50 200 3.527 ms - 737","service":"api-service","timestamp":"2025-11-09 18:39:50"}
{"level":"info","message":"GET /api/v1/liabilities?page=1&limit=50 200 1.931 ms - 737","service":"api-service","timestamp":"2025-11-09 18:39:50"}
{"level":"info","message":"GET /api/v1/assets?page=1&limit=50 200 2.541 ms - 911","service":"api-service","timestamp":"2025-11-09 18:39:53"}
{"level":"info","message":"GET /api/v1/assets?page=1&limit=50 200 2.089 ms - 911","service":"api-service","timestamp":"2025-11-09 18:39:53"}
{"level":"info","message":"GET /api/v1/liabilities?page=1&limit=50 200 3.468 ms - 737","service":"api-service","timestamp":"2025-11-09 18:39:55"}
{"level":"info","message":"GET /api/v1/liabilities?page=1&limit=50 200 1.637 ms - 737","service":"api-service","timestamp":"2025-11-09 18:39:55"}
{"level":"info","message":"PUT /api/v1/liabilities/69108ca9c8db1469f5693185 200 4.439 ms - 394","service":"api-service","timestamp":"2025-11-09 18:40:06"}
{"level":"info","message":"GET /api/v1/liabilities?page=1&limit=50 200 3.287 ms - 736","service":"api-service","timestamp":"2025-11-09 18:40:06"}
{"level":"info","message":"GET /api/v1/assets?page=1&limit=50 200 5.220 ms - 911","service":"api-service","timestamp":"2025-11-09 18:41:25"}
{"level":"info","message":"GET /api/v1/assets?page=1&limit=50 200 2.541 ms - 911","service":"api-service","timestamp":"2025-11-09 18:41:25"}
{"level":"info","message":"GET /api/v1/liabilities?page=1&limit=50 200 7.588 ms - 736","service":"api-service","timestamp":"2025-11-09 18:41:25"}
{"level":"info","message":"GET /api/v1/liabilities?page=1&limit=50 200 1.399 ms - 736","service":"api-service","timestamp":"2025-11-09 18:41:25"}
{"level":"info","message":"GET /api/v1/assets?page=1&limit=50 200 4.399 ms - 911","service":"api-service","timestamp":"2025-11-09 18:41:30"}
{"level":"info","message":"GET /api/v1/assets?page=1&limit=50 200 2.242 ms - 911","service":"api-service","timestamp":"2025-11-09 18:41:30"}
{"level":"info","message":"GET /api/v1/liabilities?page=1&limit=50 200 3.175 ms - 736","service":"api-service","timestamp":"2025-11-09 18:41:33"}
{"level":"info","message":"GET /api/v1/liabilities?page=1&limit=50 200 1.984 ms - 736","service":"api-service","timestamp":"2025-11-09 18:41:33"}
{"level":"info","message":"GET /api/v1/liabilities?page=1&limit=50 200 2.071 ms - 736","service":"api-service","timestamp":"2025-11-09 18:42:08"}
{"level":"info","message":"GET /api/v1/liabilities?page=1&limit=50 200 2.002 ms - 736","service":"api-service","timestamp":"2025-11-09 18:42:08"}
{"level":"info","message":"GET /api/v1/assets?page=1&limit=50 200 2.902 ms - 911","service":"api-service","timestamp":"2025-11-09 18:42:09"}
{"level":"info","message":"GET /api/v1/assets?page=1&limit=50 200 2.152 ms - 911","service":"api-service","timestamp":"2025-11-09 18:42:09"}
{"level":"info","message":"GET /api/v1/assets?page=1&limit=50 200 4.858 ms - 911","service":"api-service","timestamp":"2025-11-09 18:42:10"}
{"level":"info","message":"GET /api/v1/liabilities?page=1&limit=50 200 3.850 ms - 736","service":"api-service","timestamp":"2025-11-09 18:42:10"}
{"level":"info","message":"GET /api/v1/assets?page=1&limit=50 200 2.763 ms - 911","service":"api-service","timestamp":"2025-11-09 18:42:10"}
{"level":"info","message":"GET /api/v1/liabilities?page=1&limit=50 200 2.440 ms - 736","service":"api-service","timestamp":"2025-11-09 18:42:10"}
{"level":"info","message":"GET /api/v1/assets?page=1&limit=50 200 3.745 ms - 911","service":"api-service","timestamp":"2025-11-09 18:45:36"}
{"level":"info","message":"GET /api/v1/liabilities?page=1&limit=50 200 2.911 ms - 736","service":"api-service","timestamp":"2025-11-09 18:45:36"}
{"level":"info","message":"GET /api/v1/assets?page=1&limit=50 200 2.588 ms - 911","service":"api-service","timestamp":"2025-11-09 18:45:36"}
{"level":"info","message":"GET /api/v1/liabilities?page=1&limit=50 200 1.901 ms - 736","service":"api-service","timestamp":"2025-11-09 18:45:36"}
